<?xml version="1.0" encoding="UTF-8"?>
<!-- Generated by org.testng.reporters.JUnitXMLReporter -->
<testsuite ignored="0" hostname="fosasoft" failures="0" tests="3" name="Default test" time="48.85" errors="0" timestamp="2025-10-24T13:14:14 IST">
  <testcase classname="com.bstack.base.LoginTest" name="empty" time="6.115"/>
  <testcase classname="com.bstack.base.LoginTest" name="invalid" time="8.671"/>
  <testcase classname="com.bstack.base.LoginTest" name="valid" time="19.499"/>
</testsuite> <!-- Default test -->
