<?xml version="1.0" encoding="UTF-8"?>
<!-- Generated by org.testng.reporters.JUnitXMLReporter -->
<testsuite ignored="0" hostname="fosasoft" failures="0" tests="3" name="Default test" time="40.155" errors="0" timestamp="2025-10-25T20:06:10 IST">
  <testcase classname="com.bstack.base.LoginTest" name="TC_001_validLogin" time="4.399"/>
  <testcase classname="com.bstack.base.LoginTest" name="TC_002_invalidLogin" time="4.673"/>
  <testcase classname="com.bstack.base.LoginTest" name="TC_003_emptyLogin" time="5.753"/>
</testsuite> <!-- Default test -->
